<?xml version="1.0" encoding="UTF-8"?>
<!-- Generated by org.testng.reporters.JUnitReportReporter -->
<testsuite skipped="0" hostname="BDC6-DX-69PFNK2" name="testmeapp.tests.OnlineShoppingTest" tests="5" failures="0" timestamp="30 May 2019 05:31:39 GMT" time="24.503" errors="0">
  <testcase name="crossbrowser" time="7.519" classname="testmeapp.tests.OnlineShoppingTest"/>
  <testcase name="signin" time="5.520" classname="testmeapp.tests.OnlineShoppingTest"/>
  <testcase name="testLogin" time="0.505" classname="testmeapp.tests.OnlineShoppingTest"/>
  <testcase name="testCart" time="4.004" classname="testmeapp.tests.OnlineShoppingTest"/>
  <testcase name="testPayment" time="6.955" classname="testmeapp.tests.OnlineShoppingTest"/>
</testsuite> <!-- testmeapp.tests.OnlineShoppingTest -->
