<?xml version="1.0" encoding="UTF-8"?>
<!-- Generated by org.testng.reporters.JUnitReportReporter -->
<testsuite skipped="0" hostname="BDC6-DX-69PFNK2" name="testmeapp.tests.hgf" tests="2" failures="0" timestamp="30 May 2019 04:15:34 GMT" time="8.996" errors="0">
  <testcase name="crossbrowser" time="5.289" classname="testmeapp.tests.hgf"/>
  <testcase name="signin" time="3.707" classname="testmeapp.tests.hgf"/>
</testsuite> <!-- testmeapp.tests.hgf -->
